ConnectTimeout to FontFile(21 second) ==> , HTTPSConnectionPool(host='sonovision.in', port=443): Max retries exceeded with url: /wp-content/plugins/elementor/assets/lib/font-awesome/webfonts/fa-regular-400.woff2 (Caused by ConnectTimeoutError(<urllib3.connection.HTTPSConnection object at 0x000002C92258AAD0>, 'Connection to sonovision.in timed out. (connect timeout=21)')), https://sonovision.in/wp-content/plugins/elementor/assets/lib/font-awesome/webfonts/fa-regular-400.woff2
Invalid_FontFile_Extension ==> Only 'woff','woff2','ttf','otf' extension is allowed. , https://use.typekit.net/af/3e9574/000000000000000000010b62/27/l?subset_id=2&fvd=n9&v=3
ConnectTimeout to FontFile(21 second) ==> , HTTPSConnectionPool(host='www.mrshortgame.com', port=443): Max retries exceeded with url: /wp-content/plugins/bloom/core/admin/fonts/modules.ttf (Caused by ConnectTimeoutError(<urllib3.connection.HTTPSConnection object at 0x000002C92263DC90>, 'Connection to www.mrshortgame.com timed out. (connect timeout=21)')), https://www.mrshortgame.com/wp-content/plugins/bloom/core/admin/fonts/modules.ttf
Couldn't read the downloaded font file ==> Not a TrueType or OpenType font (bad sfntVersion), https://autohoist.com.au/wp-content/plugins/elementor/assets/lib/font-awesome/webfonts/fa-solid-900.woff2
Invalid_FontFile_Extension ==> Only 'woff','woff2','ttf','otf' extension is allowed. , https://use.typekit.net/af/2cd6bf/00000000000000000001008f/27/l?subset_id=2&fvd=n5&v=3
Couldn't read the downloaded font file ==> bits 6-7 are reserved and must be 0, https://www.andoverpatio.co.uk/webfonts/fa-solid-900.woff2
ConnectionError to FontFile ===> HTTPSConnectionPool(host='extranet.dienstencheques-vlaanderen.be', port=443): Max retries exceeded with url: /Content/fonts/FlandersArtSans-Medium.woff (Caused by SSLError(SSLError(1, '[SSL: DH_KEY_TOO_SMALL] dh key too small (_ssl.c:997)'))), https://extranet.dienstencheques-vlaanderen.be/Content/fonts/FlandersArtSans-Medium.woff
Invalid_FontFile_Extension ==> Only 'woff','woff2','ttf','otf' extension is allowed. , https://use.typekit.net/af/ae9c08/00000000000000007735bffb/30/l?subset_id=2&fvd=n4&v=3
Couldn't read the downloaded font file ==> Not a TrueType or OpenType font (bad sfntVersion), https://www.alzheimersdata.org/Areas/ADDI/assets/fonts/basis-grotesque-medium-pro.woff2
Couldn't read the downloaded font file ==> Not a TrueType or OpenType font (bad sfntVersion), https://www.geoenergymarketing.com/wp-content/plugins/revslider/public/assets/fonts/revicons/revicons.woff?5510888
Invalid_FontFile_Extension ==> Only 'woff','woff2','ttf','otf' extension is allowed. , https://use.typekit.net/af/7ec96f/00000000000000007735af9b/30/l?subset_id=2&fvd=i5&v=3
Couldn't read the downloaded font file ==> Not a TrueType or OpenType font (bad sfntVersion), https://snuskingdom.com/static/version1656578889/frontend/NWT/snus/en_US/fonts/opensans/bold/opensans-700.woff2
ConnectionError to FontFile ===> Exceeded 30 redirects., https://doorconcept.hu/themes/app/assets/fonts/Klavika-Medium.otf
Invalid_FontFile_Extension ==> Only 'woff','woff2','ttf','otf' extension is allowed. , https://use.typekit.net/af/1da05b/0000000000000000000132df/27/l?subset_id=2&fvd=n4&v=3
ConnectTimeout to FontFile(21 second) ==> , HTTPSConnectionPool(host='sonovision.in', port=443): Max retries exceeded with url: /wp-content/plugins/elementor/assets/lib/font-awesome/webfonts/fa-regular-400.woff2 (Caused by ConnectTimeoutError(<urllib3.connection.HTTPSConnection object at 0x000002C9226A68F0>, 'Connection to sonovision.in timed out. (connect timeout=21)')), https://sonovision.in/wp-content/plugins/elementor/assets/lib/font-awesome/webfonts/fa-regular-400.woff2
Couldn't read the downloaded font file ==> Not a TrueType or OpenType font (bad sfntVersion), https://www.volcanoetna.com/wp-content/themes/landed/assets/fonts/fontello.woff2?25789795
Invalid_FontFile_Extension ==> Only 'woff','woff2','ttf','otf' extension is allowed. , 200
Couldn't read the downloaded font file ==> Not a TrueType or OpenType font (bad sfntVersion), https://proroliki.com.ua/catalog/view/theme/default/fonts/FuturaPTMedium.woff
Couldn't read the downloaded font file ==> Not a TrueType or OpenType font (bad sfntVersion), https://fonts.shopifycdn.com/din_next/dinnext_n7.57888b0b2051a4dba7d02aad7ca64db99eca3cf1.woff2?h1=b3Jpb24zZHByaW50ZXJzLmNvbQ&hmac=644f31e99505c6728a4af42124a637ff2d8a8228115c959f3613de7dae032226
Couldn't read the downloaded font file ==> Not a TrueType or OpenType font (bad sfntVersion), https://partidopirata.org/wp-content/themes/Divi/core/admin/fonts/modules/all/modules.ttf
Invalid_FontFile_Extension ==> Only 'woff','woff2','ttf','otf' extension is allowed. , https://use.typekit.net/af/fb3638/00000000000000003b9b00c3/27/l?subset_id=2&fvd=n6&v=3
Couldn't read the downloaded font file ==> Not a TrueType or OpenType font (bad sfntVersion), https://fonts.shopifycdn.com/poppins/poppins_i7.4f85a5d51a1aecf426eea47ac4570ef7341bfdc1.woff2?h1=dGhlbmVidWxpc2VyLmNvbQ&h2=dXMudGhlbmVidWxpc2VyLmNvbQ&h3=bmVidWxpc2VyLm5s&hmac=c05477c9f55d611509e653a9d9b2bdadbf71b45af6e6a6967f8a832504bea1a5
Invalid_FontFile_Extension ==> Only 'woff','woff2','ttf','otf' extension is allowed. , https://d3pj3vgx4ijpjx.cloudfront.net/accessor_ja/mkfont?condition=630688996d10012a0acd809f8582136e&eid=5d52554c12204e73a0947a24ac1e0217&bw[name]=Chrome&bw[ftf]=0&bw[os]=Linux&location=https%3A%2F%2Fcarlease.carlifestadium.com%2Fcar%2F&fonts[family]=UD%20Shin%20Go%20Regular&fonts[str]=57SN6LuK5b6M44KC5qSc44KE44Oh44Oz44OG44OK44K544Gq44Gp44CB5aWR57SE5rqA5LqG44G%2B44Gn44GK5a6i5qeY44Gu44KS44K144Od44O844OI44GE44Gf44GX44GZ44CC44GU5omL57aa44GN5a6M5pyf44Gr5b%2Bc44GY44Gm44Gg5bqX6IiX5Y%2BX44GR5Y%2BW44KK5a%2Bp5p%2B75ouF5b2T6ICF44GL44KJ6YCj57Wh44Gd6L%2BR44GP44G45ZWP5ZCI44KP44Gb55u05o6l44K%2F44OD44OV5aOw44GM44GV55u46KuH5LiK56iu44OX44Op562J6YG45oqe55Sz6L6844G%2F56e744GT44KM5L2V5bm05LmX44KL5LqI5a6a44Kr44Kk5Y%2Bv6IO944Oq44Gv5pmC5pWw44Gz44GoMA%3D%3D
Couldn't read the downloaded font file ==> Not a TrueType or OpenType font (bad sfntVersion), https://micadeli.dk/wp-content/themes/astra/assets/fonts/astra.woff
Couldn't read the downloaded font file ==> Not a TrueType or OpenType font (not enough data), https://www.zdoblew.com.ua/fontawesome/webfonts/fa-brands-400.woff2
ConnectTimeout to FontFile(21 second) ==> , HTTPSConnectionPool(host='m.unemployment.cmt.ohio.gov', port=443): Max retries exceeded with url: /css/fonts/SerifaBEFOP-Roman.otf (Caused by ConnectTimeoutError(<urllib3.connection.HTTPSConnection object at 0x000002C9226A7790>, 'Connection to m.unemployment.cmt.ohio.gov timed out. (connect timeout=21)')), https://m.unemployment.cmt.ohio.gov/css/fonts/SerifaBEFOP-Roman.otf
Couldn't read the downloaded font file ==> Not a TrueType or OpenType font (bad sfntVersion), https://fonts.shopifycdn.com/quicksand/quicksand_n3.aca7966d6f657db1e1860622aba1fbd70add25cf.woff2?h1=d2F0ZXJkYWxlY29sbGVjdGlvbi5jb20&hmac=aa9d6fb41d5ee66b0dd42a8322c0d35cd9b19ede7be3a6c19651ed681b1d8041
Couldn't read the downloaded font file ==> Not a TrueType or OpenType font (bad sfntVersion), https://www.fritolayvarietypacks.com/sites/varietypacks.com/themes/varietypacks/css/fonts/Bliss2.woff?1
Couldn't read the downloaded font file ==> Not a TrueType or OpenType font (bad sfntVersion), https://newgenbaker.com/wp-content/plugins/elementor/assets/lib/font-awesome/webfonts/fa-solid-900.woff2
Couldn't read the downloaded font file ==> Not a TrueType or OpenType font (bad sfntVersion), https://circulaverde.com/wp-content/plugins/elementor/assets/lib/font-awesome/webfonts/fa-brands-400.woff2
Couldn't read the downloaded font file ==> Not a TrueType or OpenType font (bad sfntVersion), https://www.iq-wissen.de/typo3conf/ext/schuelerhilfe_theme/Resources/Public/Fonts/Montserrat/Montserrat-Regular.woff
ConnectionError to FontFile ===> HTTPSConnectionPool(host='vyshneve.pasport.org.ua', port=443): Max retries exceeded with url: /app/fonts/r-700.woff2 (Caused by SSLError(SSLCertVerificationError(1, '[SSL: CERTIFICATE_VERIFY_FAILED] certificate verify failed: unable to get local issuer certificate (_ssl.c:997)'))), https://vyshneve.pasport.org.ua/app/fonts/r-700.woff2
Couldn't read the downloaded font file ==> Not a TrueType or OpenType font (bad sfntVersion), https://herobot.app/wp-content/plugins/betterdocs/admin/assets/fonts/fa-brands-400.woff2
Couldn't read the downloaded font file ==> Not a TrueType or OpenType font (bad sfntVersion), https://www.tozirestaurant.co.uk/wp-content/themes/tozi/library/fonts/Poppins-Light.woff2
Couldn't read the downloaded font file ==> Not a TrueType or OpenType font (bad sfntVersion), https://www.novonordisk.ch/etc.clientlibs/nncorp/clientlibs/clientlib-site/resources/fonts/icomoon.ttf?flv01o
Invalid_FontFile_Extension ==> Only 'woff','woff2','ttf','otf' extension is allowed. , qver=4.8.5.pagespeed.cf._mbokTOiYl.css"
Couldn't read the downloaded font file ==> Not a TrueType or OpenType font (bad sfntVersion), https://nordicea.com/wp-content/plugins/elementor/assets/lib/font-awesome/webfonts/fa-brands-400.woff2
Invalid_FontFile_Extension ==> Only 'woff','woff2','ttf','otf' extension is allowed. , https://use.typekit.net/af/ae4f6c/000000000000000000010096/27/l?primer=7cdcb44be4a7db8877ffa5c0007b8dd865b3bbc383831fe2ea177f62257a9191&fvd=n3&v=3
Invalid_FontFile_Extension ==> Only 'woff','woff2','ttf','otf' extension is allowed. , https://use.typekit.net/af/23e139/00000000000000007735e605/30/l?primer=7cdcb44be4a7db8877ffa5c0007b8dd865b3bbc383831fe2ea177f62257a9191&fvd=n5&v=3
